2015-04-04 10:47:12,884 [main] WARN  o.e.r.i.c.r.ChainCompletionProposalComputer - Can't handle %s as source for finding entrypoints.
2015-04-06 00:10:59,653 [Worker-1] INFO  o.e.m.c.i.e.AbstractTransferListenerAdapter - Downloading http://repo.maven.apache.org/maven2/org/apache/maven/plugins/maven-compiler-plugin/2.5.1/maven-compiler-plugin-2.5.1.jar
2015-04-06 00:10:59,836 [Worker-1] INFO  o.e.m.c.i.e.AbstractTransferListenerAdapter - Downloaded http://repo.maven.apache.org/maven2/org/apache/maven/plugins/maven-compiler-plugin/2.5.1/maven-compiler-plugin-2.5.1.jar
2015-04-06 00:11:00,781 [Worker-1] INFO  o.e.m.c.i.e.AbstractTransferListenerAdapter - Downloading http://repo.maven.apache.org/maven2/org/apache/maven/plugins/maven-deploy-plugin/2.7/maven-deploy-plugin-2.7.jar
2015-04-06 00:11:00,968 [Worker-1] INFO  o.e.m.c.i.e.AbstractTransferListenerAdapter - Downloaded http://repo.maven.apache.org/maven2/org/apache/maven/plugins/maven-deploy-plugin/2.7/maven-deploy-plugin-2.7.jar
2015-04-06 00:11:01,215 [Worker-1] INFO  o.e.m.c.i.e.AbstractTransferListenerAdapter - Downloading http://repo.maven.apache.org/maven2/org/apache/maven/plugins/maven-site-plugin/3.3/maven-site-plugin-3.3.jar
2015-04-06 00:11:01,413 [Worker-1] INFO  o.e.m.c.i.e.AbstractTransferListenerAdapter - Downloaded http://repo.maven.apache.org/maven2/org/apache/maven/plugins/maven-site-plugin/3.3/maven-site-plugin-3.3.jar
2015-04-06 00:11:01,636 [Worker-1] INFO  o.e.m.c.i.e.AbstractTransferListenerAdapter - Downloading http://repo.maven.apache.org/maven2/org/apache/maven/plugins/maven-compiler-plugin/2.5.1/maven-compiler-plugin-2.5.1.pom
2015-04-06 00:11:01,725 [Worker-1] INFO  o.e.m.c.i.e.AbstractTransferListenerAdapter - Downloaded http://repo.maven.apache.org/maven2/org/apache/maven/plugins/maven-compiler-plugin/2.5.1/maven-compiler-plugin-2.5.1.pom
2015-04-06 00:11:08,818 [Worker-1] INFO  o.e.m.c.i.e.AbstractTransferListenerAdapter - Downloading http://repo.maven.apache.org/maven2/org/codehaus/plexus/plexus-compiler-api/1.9.1/plexus-compiler-api-1.9.1.pom
2015-04-06 00:11:08,926 [Worker-1] INFO  o.e.m.c.i.e.AbstractTransferListenerAdapter - Downloaded http://repo.maven.apache.org/maven2/org/codehaus/plexus/plexus-compiler-api/1.9.1/plexus-compiler-api-1.9.1.pom
2015-04-06 00:11:08,983 [Worker-1] INFO  o.e.m.c.i.e.AbstractTransferListenerAdapter - Downloading http://repo.maven.apache.org/maven2/org/codehaus/plexus/plexus-compiler/1.9.1/plexus-compiler-1.9.1.pom
2015-04-06 00:11:09,067 [Worker-1] INFO  o.e.m.c.i.e.AbstractTransferListenerAdapter - Downloaded http://repo.maven.apache.org/maven2/org/codehaus/plexus/plexus-compiler/1.9.1/plexus-compiler-1.9.1.pom
2015-04-06 00:11:09,119 [Worker-1] INFO  o.e.m.c.i.e.AbstractTransferListenerAdapter - Downloading http://repo.maven.apache.org/maven2/org/codehaus/plexus/plexus-components/1.1.20/plexus-components-1.1.20.pom
2015-04-06 00:11:09,205 [Worker-1] INFO  o.e.m.c.i.e.AbstractTransferListenerAdapter - Downloaded http://repo.maven.apache.org/maven2/org/codehaus/plexus/plexus-components/1.1.20/plexus-components-1.1.20.pom
2015-04-06 00:11:09,339 [Worker-1] INFO  o.e.m.c.i.e.AbstractTransferListenerAdapter - Downloading http://repo.maven.apache.org/maven2/org/codehaus/plexus/plexus-compiler-manager/1.9.1/plexus-compiler-manager-1.9.1.pom
2015-04-06 00:11:09,431 [Worker-1] INFO  o.e.m.c.i.e.AbstractTransferListenerAdapter - Downloaded http://repo.maven.apache.org/maven2/org/codehaus/plexus/plexus-compiler-manager/1.9.1/plexus-compiler-manager-1.9.1.pom
2015-04-06 00:11:09,493 [Worker-1] INFO  o.e.m.c.i.e.AbstractTransferListenerAdapter - Downloading http://repo.maven.apache.org/maven2/org/codehaus/plexus/plexus-compiler-javac/1.9.1/plexus-compiler-javac-1.9.1.pom
2015-04-06 00:11:09,578 [Worker-1] INFO  o.e.m.c.i.e.AbstractTransferListenerAdapter - Downloaded http://repo.maven.apache.org/maven2/org/codehaus/plexus/plexus-compiler-javac/1.9.1/plexus-compiler-javac-1.9.1.pom
2015-04-06 00:11:09,631 [Worker-1] INFO  o.e.m.c.i.e.AbstractTransferListenerAdapter - Downloading http://repo.maven.apache.org/maven2/org/codehaus/plexus/plexus-compilers/1.9.1/plexus-compilers-1.9.1.pom
2015-04-06 00:11:09,715 [Worker-1] INFO  o.e.m.c.i.e.AbstractTransferListenerAdapter - Downloaded http://repo.maven.apache.org/maven2/org/codehaus/plexus/plexus-compilers/1.9.1/plexus-compilers-1.9.1.pom
2015-04-06 00:11:09,829 [Worker-1] INFO  o.e.m.c.i.e.AbstractTransferListenerAdapter - Downloading http://repo.maven.apache.org/maven2/org/codehaus/plexus/plexus-compiler-api/1.9.1/plexus-compiler-api-1.9.1.jar
2015-04-06 00:11:09,959 [Worker-1] INFO  o.e.m.c.i.e.AbstractTransferListenerAdapter - Downloaded http://repo.maven.apache.org/maven2/org/codehaus/plexus/plexus-compiler-api/1.9.1/plexus-compiler-api-1.9.1.jar
2015-04-06 00:11:09,997 [Worker-1] INFO  o.e.m.c.i.e.AbstractTransferListenerAdapter - Downloading http://repo.maven.apache.org/maven2/org/codehaus/plexus/plexus-compiler-manager/1.9.1/plexus-compiler-manager-1.9.1.jar
2015-04-06 00:11:10,097 [Worker-1] INFO  o.e.m.c.i.e.AbstractTransferListenerAdapter - Downloaded http://repo.maven.apache.org/maven2/org/codehaus/plexus/plexus-compiler-manager/1.9.1/plexus-compiler-manager-1.9.1.jar
2015-04-06 00:11:10,136 [Worker-1] INFO  o.e.m.c.i.e.AbstractTransferListenerAdapter - Downloading http://repo.maven.apache.org/maven2/org/codehaus/plexus/plexus-compiler-javac/1.9.1/plexus-compiler-javac-1.9.1.jar
2015-04-06 00:11:10,248 [Worker-1] INFO  o.e.m.c.i.e.AbstractTransferListenerAdapter - Downloaded http://repo.maven.apache.org/maven2/org/codehaus/plexus/plexus-compiler-javac/1.9.1/plexus-compiler-javac-1.9.1.jar
2015-04-06 00:11:11,161 [Worker-1] INFO  o.e.m.c.i.l.LifecycleMappingFactory - Using org.eclipse.m2e.jdt.JarLifecycleMapping lifecycle mapping for MavenProject: me.timer.spigot:UHCTimer:0.0.1-SNAPSHOT @ C:\Users\marco\JavaWorkspace\pom.xml.
2015-04-06 00:11:16,852 [Worker-1] INFO  o.e.m.j.i.AbstractJavaProjectConfigurator - Adding source folder /UHCTimer/src/main/java
2015-04-06 00:11:16,852 [Worker-2] INFO  o.e.m.c.i.l.LifecycleMappingFactory - Using org.eclipse.m2e.jdt.JarLifecycleMapping lifecycle mapping for MavenProject: me.timer.spigot:UHCTimer:0.0.1-SNAPSHOT @ C:\Users\marco\JavaWorkspace\pom.xml.
2015-04-06 00:11:16,877 [Worker-1] INFO  o.e.m.j.i.AbstractJavaProjectConfigurator - Adding resource folder /UHCTimer/src/main/resources
2015-04-06 00:11:16,881 [Worker-1] INFO  o.e.m.j.i.AbstractJavaProjectConfigurator - Adding source folder /UHCTimer/src/test/java
2015-04-06 00:11:16,881 [Worker-1] INFO  o.e.m.j.i.AbstractJavaProjectConfigurator - Adding resource folder /UHCTimer/src/test/resources
2015-04-06 00:11:17,935 [Worker-4] INFO  o.e.m.c.i.l.LifecycleMappingFactory - Using org.eclipse.m2e.jdt.JarLifecycleMapping lifecycle mapping for MavenProject: me.timer.spigot:UHCTimer:0.0.1-SNAPSHOT @ C:\Users\marco\JavaWorkspace\pom.xml.
2015-04-06 00:11:18,025 [Worker-4] WARN  o.e.m.c.i.embedder.EclipseLogger - Using platform encoding (Cp1252 actually) to copy filtered resources, i.e. build is platform dependent!
2015-04-06 00:11:18,076 [Worker-4] INFO  o.e.m.c.i.embedder.EclipseLogger - Copying 0 resource
2015-04-06 00:11:18,079 [Worker-4] WARN  o.e.m.c.i.embedder.EclipseLogger - Using platform encoding (Cp1252 actually) to copy filtered resources, i.e. build is platform dependent!
2015-04-06 00:11:18,083 [Worker-4] INFO  o.e.m.c.i.embedder.EclipseLogger - Copying 0 resource
2015-04-06 00:11:51,386 [Worker-7] WARN  o.e.m.c.i.embedder.EclipseLogger - Using platform encoding (Cp1252 actually) to copy filtered resources, i.e. build is platform dependent!
2015-04-06 00:11:51,413 [Worker-7] INFO  o.e.m.c.i.embedder.EclipseLogger - Copying 0 resource
2015-04-06 00:11:51,415 [Worker-7] WARN  o.e.m.c.i.embedder.EclipseLogger - Using platform encoding (Cp1252 actually) to copy filtered resources, i.e. build is platform dependent!
2015-04-06 00:11:51,431 [Worker-7] INFO  o.e.m.c.i.embedder.EclipseLogger - Copying 0 resource
2015-04-06 00:15:03,038 [Worker-7] INFO  o.e.m.c.i.l.LifecycleMappingFactory - Using org.eclipse.m2e.jdt.JarLifecycleMapping lifecycle mapping for MavenProject: me.timer.spigot:UHCTimer:0.0.1-SNAPSHOT @ C:\Users\marco\JavaWorkspace\pom.xml.
2015-04-06 00:15:03,264 [Worker-7] WARN  o.e.m.c.i.embedder.EclipseLogger - Using platform encoding (Cp1252 actually) to copy filtered resources, i.e. build is platform dependent!
2015-04-06 00:15:03,273 [Worker-7] INFO  o.e.m.c.i.embedder.EclipseLogger - Copying 0 resource
2015-04-06 00:15:03,278 [Worker-7] WARN  o.e.m.c.i.embedder.EclipseLogger - Using platform encoding (Cp1252 actually) to copy filtered resources, i.e. build is platform dependent!
2015-04-06 00:15:03,283 [Worker-7] INFO  o.e.m.c.i.embedder.EclipseLogger - Copying 0 resource
2015-04-06 00:15:46,358 [Worker-3] INFO  o.e.m.c.i.e.AbstractTransferListenerAdapter - Downloaded http://repo.maven.apache.org/maven2/org/apache/maven/plugins/UHCTimer/maven-metadata.xml
2015-04-06 00:15:46,371 [Worker-3] INFO  o.e.m.c.i.l.LifecycleMappingFactory - Using org.eclipse.m2e.jdt.JarLifecycleMapping lifecycle mapping for MavenProject: me.timer.spigot:UHCTimer:0.0.1-SNAPSHOT @ C:\Users\marco\JavaWorkspace\pom.xml.
2015-04-06 00:16:13,577 [Worker-5] INFO  o.e.m.c.i.l.LifecycleMappingFactory - Using org.eclipse.m2e.jdt.JarLifecycleMapping lifecycle mapping for MavenProject: me.timer.spigot:UHCTimer:0.0.1-SNAPSHOT @ C:\Users\marco\JavaWorkspace\pom.xml.
2015-04-06 00:16:50,172 [Worker-7] INFO  o.e.m.c.i.l.LifecycleMappingFactory - Using org.eclipse.m2e.jdt.JarLifecycleMapping lifecycle mapping for MavenProject: me.timer.spigot:UHCTimer:0.0.1-SNAPSHOT @ C:\Users\marco\JavaWorkspace\pom.xml.
2015-04-06 00:17:21,564 [Worker-6] INFO  o.e.m.c.i.l.LifecycleMappingFactory - Using org.eclipse.m2e.jdt.JarLifecycleMapping lifecycle mapping for MavenProject: me.timer.spigot:UHCTimer:0.0.1-SNAPSHOT @ C:\Users\marco\JavaWorkspace\pom.xml.
2015-04-06 00:17:22,365 [Worker-5] INFO  o.e.m.c.i.e.AbstractTransferListenerAdapter - Downloaded https://hub.spigotmc.org/nexus/content/groups/public/org/bukkit/bukkit/1.8-R0.1-SNAPSHOT/maven-metadata.xml
2015-04-06 00:17:22,957 [Worker-5] INFO  o.e.m.c.i.e.AbstractTransferListenerAdapter - Downloaded https://hub.spigotmc.org/nexus/content/groups/public/org/bukkit/bukkit/1.8-R0.1-SNAPSHOT/bukkit-1.8-R0.1-20150227.224714-194.pom
2015-04-06 00:17:23,525 [Worker-6] INFO  o.e.m.c.i.e.AbstractTransferListenerAdapter - Downloading https://hub.spigotmc.org/nexus/content/groups/public/org/bukkit/bukkit/1.8-R0.1-SNAPSHOT/bukkit-1.8-R0.1-20150227.224714-194.jar
2015-04-06 00:17:24,083 [Worker-6] INFO  o.e.m.c.i.e.AbstractTransferListenerAdapter - Downloaded https://hub.spigotmc.org/nexus/content/groups/public/org/bukkit/bukkit/1.8-R0.1-SNAPSHOT/bukkit-1.8-R0.1-20150227.224714-194.jar
2015-04-06 00:17:24,285 [Worker-6] INFO  o.e.m.c.i.e.AbstractTransferListenerAdapter - Downloading https://hub.spigotmc.org/nexus/content/groups/public/junit/junit/4.10/junit-4.10.jar
2015-04-06 00:17:24,683 [Worker-6] INFO  o.e.m.c.i.e.AbstractTransferListenerAdapter - Downloaded https://hub.spigotmc.org/nexus/content/groups/public/junit/junit/4.10/junit-4.10.jar
2015-04-06 00:17:24,846 [Worker-6] INFO  o.e.m.c.i.e.AbstractTransferListenerAdapter - Downloading https://hub.spigotmc.org/nexus/content/groups/public/org/hamcrest/hamcrest-core/1.1/hamcrest-core-1.1.jar
2015-04-06 00:17:25,014 [Worker-6] INFO  o.e.m.c.i.e.AbstractTransferListenerAdapter - Downloaded https://hub.spigotmc.org/nexus/content/groups/public/org/hamcrest/hamcrest-core/1.1/hamcrest-core-1.1.jar
